<?xml version="1.0" encoding="UTF-8"?>
<!-- Generated by org.testng.reporters.JUnitReportReporter -->
<testsuite hostname="ARPITA" failures="0" tests="1" name="InheritanceConcepts.PS1" time="0.023" errors="0" timestamp="2024-01-01T20:10:30 IST" skipped="0">
  <testcase classname="InheritanceConcepts.PS1" name="testRun" time="0.023"/>
</testsuite> <!-- InheritanceConcepts.PS1 -->
