<?xml version="1.0" encoding="UTF-8"?>
<!-- Generated by org.testng.reporters.JUnitReportReporter -->
<testsuite hostname="ARPITA" failures="0" tests="1" name="PS1" time="0.038" errors="0" timestamp="2024-01-01T18:07:05 IST" skipped="0">
  <testcase classname="PS1" name="testRun" time="0.038"/>
</testsuite> <!-- PS1 -->
