<?xml version="1.0" encoding="UTF-8"?>
<!-- Generated by org.testng.reporters.JUnitReportReporter -->
<testsuite hostname="ARPITA" failures="0" tests="1" name="C1" time="0.031" errors="0" timestamp="2024-03-02T13:46:16 IST" skipped="0">
  <testcase classname="C1" name="m1" time="0.031"/>
</testsuite> <!-- C1 -->
