<?xml version="1.0" encoding="UTF-8"?>
<!-- Generated by org.testng.reporters.JUnitReportReporter -->
<testsuite hostname="ARPITA" failures="0" tests="1" name="C2" time="0.011" errors="0" timestamp="2024-03-04T01:42:21 IST" skipped="0">
  <testcase classname="C2" name="m2" time="0.011"/>
</testsuite> <!-- C2 -->
