<?xml version="1.0" encoding="UTF-8"?>
<!-- Generated by org.testng.reporters.JUnitReportReporter -->
<testsuite hostname="ARPITA" failures="0" tests="1" name="C3" time="0.026" errors="0" timestamp="2024-03-04T16:44:18 IST" skipped="0">
  <testcase classname="C3" name="m1" time="0.026"/>
</testsuite> <!-- C3 -->
