<?xml version="1.0" encoding="UTF-8"?>
<!-- Generated by org.testng.reporters.JUnitReportReporter -->
<testsuite hostname="ARPITA" failures="0" tests="1" name="InheritanceConcepts.PS1" time="0.175" errors="0" timestamp="2024-02-27T12:27:36 IST" skipped="0">
  <testcase classname="InheritanceConcepts.PS1" name="testRun" time="0.175"/>
</testsuite> <!-- InheritanceConcepts.PS1 -->
