<?xml version="1.0" encoding="UTF-8"?>
<!-- Generated by org.testng.reporters.JUnitReportReporter -->
<testsuite hostname="ARPITA" failures="0" tests="1" name="C3" time="26.272" errors="0" timestamp="2024-02-28T12:04:06 IST" skipped="0">
  <testcase classname="C3" name="m1" time="26.272"/>
</testsuite> <!-- C3 -->
