<?xml version="1.0" encoding="UTF-8"?>
<!-- Generated by org.testng.reporters.JUnitReportReporter -->
<testsuite hostname="ARPITA" failures="0" tests="1" name="C2" time="0.020" errors="0" timestamp="2024-02-22T00:35:10 IST" skipped="0">
  <testcase classname="C2" name="p1" time="0.020"/>
</testsuite> <!-- C2 -->
