<?xml version="1.0" encoding="UTF-8"?>
<!-- Generated by org.testng.reporters.JUnitReportReporter -->
<testsuite hostname="ARPITA" failures="0" tests="1" name="C2" time="0.012" errors="0" timestamp="2024-02-27T13:02:59 IST" skipped="0">
  <testcase classname="C2" name="p1" time="0.012"/>
</testsuite> <!-- C2 -->
