<?xml version="1.0" encoding="UTF-8"?>
<!-- Generated by org.testng.reporters.JUnitReportReporter -->
<testsuite hostname="ARPITA" failures="0" tests="1" name="F1" time="0.042" errors="0" timestamp="2024-02-18T16:57:22 IST" skipped="0">
  <testcase classname="F1" name="m1" time="0.042"/>
</testsuite> <!-- F1 -->
